<?xml version="1.0" encoding="UTF-8"?>
<testsuite name="babysitter.BabySitterTest" tests="1" skipped="0" failures="0" errors="0" timestamp="2020-07-26T17:20:36" hostname="DESKTOP-AEKIPR7" time="0.076">
  <properties/>
  <testcase name="canCalculateHoursWorkedBetweenStartingHourAndBedtime()" classname="babysitter.BabySitterTest" time="0.076"/>
  <system-out><![CDATA[]]></system-out>
  <system-err><![CDATA[]]></system-err>
</testsuite>
