<?xml version="1.0" encoding="UTF-8"?>
<testsuite name="triangles.TrianglesTest" tests="1" skipped="0" failures="0" errors="0" timestamp="2020-07-23T01:12:36" hostname="DESKTOP-AEKIPR7" time="0.091">
  <properties/>
  <testcase name="threeSidesCanMakeScaleneTriangle()" classname="triangles.TrianglesTest" time="0.091"/>
  <system-out><![CDATA[]]></system-out>
  <system-err><![CDATA[]]></system-err>
</testsuite>
